<?xml version="1.0" encoding="UTF-8"?>
<!-- Generated by org.testng.reporters.JUnitReportReporter -->
<testsuite hostname="Navnath" failures="0" tests="3" name="api.test.DDTests2" time="5.531" errors="0" timestamp="2023-11-26T16:34:16 IST" skipped="0">
  <testcase classname="api.test.DDTests2" name="testPostUser" time="1.822"/>
  <system-out/>
  <testcase classname="api.test.DDTests2" name="testPostUser" time="1.881"/>
  <system-out/>
  <testcase classname="api.test.DDTests2" name="testPostUser" time="1.828"/>
  <system-out/>
</testsuite> <!-- api.test.DDTests2 -->
