<?xml version="1.0" encoding="UTF-8"?>
<!-- Generated by org.testng.reporters.JUnitReportReporter -->
<testsuite hostname="Navnath" failures="0" tests="4" name="api.test.UserTests2" time="10.560" errors="0" timestamp="2023-11-26T16:34:16 IST" skipped="0">
  <testcase classname="api.test.UserTests2" name="testPostUser" time="2.931"/>
  <system-out/>
  <testcase classname="api.test.UserTests2" name="testGetUser" time="1.949"/>
  <system-out/>
  <testcase classname="api.test.UserTests2" name="testUpdateUser" time="4.258"/>
  <system-out/>
  <testcase classname="api.test.UserTests2" name="testDeleteUser" time="1.422"/>
  <system-out/>
</testsuite> <!-- api.test.UserTests2 -->
