<?xml version="1.0" encoding="UTF-8"?>
<!-- Generated by org.testng.reporters.JUnitReportReporter -->
<testsuite hostname="Navnath" failures="0" tests="3" name="api.test.DDTests2" time="4.726" errors="0" timestamp="2023-11-25T17:43:35 IST" skipped="0">
  <testcase classname="api.test.DDTests2" name="testPostUser" time="1.603"/>
  <system-out/>
  <testcase classname="api.test.DDTests2" name="testPostUser" time="1.521"/>
  <system-out/>
  <testcase classname="api.test.DDTests2" name="testPostUser" time="1.602"/>
  <system-out/>
</testsuite> <!-- api.test.DDTests2 -->
