<?xml version="1.0" encoding="UTF-8"?>
<!-- Generated by org.testng.reporters.JUnitReportReporter -->
<testsuite hostname="Navnath" failures="0" tests="4" name="api.test.UserTests" time="12.833" errors="0" timestamp="2023-11-26T16:34:16 IST" skipped="0">
  <testcase classname="api.test.UserTests" name="testPostUser" time="6.920"/>
  <system-out/>
  <testcase classname="api.test.UserTests" name="testGetUser" time="1.466"/>
  <system-out/>
  <testcase classname="api.test.UserTests" name="testUpdateUser" time="2.912"/>
  <system-out/>
  <testcase classname="api.test.UserTests" name="testDeleteUser" time="1.535"/>
  <system-out/>
</testsuite> <!-- api.test.UserTests -->
