<?xml version="1.0" encoding="UTF-8"?>
<!-- Generated by org.testng.reporters.JUnitReportReporter -->
<testsuite hostname="Navnath" failures="0" tests="3" name="api.test.DDTests" time="4.292" errors="0" timestamp="2023-11-25T17:43:35 IST" skipped="0">
  <testcase classname="api.test.DDTests" name="testPostUser" time="1.530"/>
  <system-out/>
  <testcase classname="api.test.DDTests" name="testPostUser" time="1.407"/>
  <system-out/>
  <testcase classname="api.test.DDTests" name="testPostUser" time="1.355"/>
  <system-out/>
</testsuite> <!-- api.test.DDTests -->
