<?xml version="1.0" encoding="UTF-8"?>
<!-- Generated by org.testng.reporters.JUnitReportReporter -->
<testsuite hostname="Navnath" failures="0" tests="4" name="api.test.UserTests" time="12.425" errors="0" timestamp="2023-11-25T17:43:35 IST" skipped="0">
  <testcase classname="api.test.UserTests" name="testPostUser" time="6.416"/>
  <system-out/>
  <testcase classname="api.test.UserTests" name="testGetUser" time="1.519"/>
  <system-out/>
  <testcase classname="api.test.UserTests" name="testUpdateUser" time="3.054"/>
  <system-out/>
  <testcase classname="api.test.UserTests" name="testDeleteUser" time="1.436"/>
  <system-out/>
</testsuite> <!-- api.test.UserTests -->
