<?xml version="1.0" encoding="UTF-8"?>
<!-- Generated by org.testng.reporters.JUnitReportReporter -->
<testsuite hostname="Navnath" failures="0" tests="3" name="api.test.DDTests" time="5.149" errors="0" timestamp="2023-11-26T16:34:16 IST" skipped="0">
  <testcase classname="api.test.DDTests" name="testPostUser" time="1.744"/>
  <system-out/>
  <testcase classname="api.test.DDTests" name="testPostUser" time="1.669"/>
  <system-out/>
  <testcase classname="api.test.DDTests" name="testPostUser" time="1.736"/>
  <system-out/>
</testsuite> <!-- api.test.DDTests -->
