<?xml version="1.0" encoding="UTF-8"?>
<!-- Generated by org.testng.reporters.JUnitReportReporter -->
<testsuite hostname="Navnath" failures="0" tests="4" name="api.test.UserTests" time="12.652" errors="0" timestamp="2023-11-26T16:26:29 IST" skipped="0">
  <testcase classname="api.test.UserTests" name="testPostUser" time="3.087"/>
  <system-out/>
  <testcase classname="api.test.UserTests" name="testGetUser" time="2.126"/>
  <system-out/>
  <testcase classname="api.test.UserTests" name="testUpdateUser" time="5.744"/>
  <system-out/>
  <testcase classname="api.test.UserTests" name="testDeleteUser" time="1.695"/>
  <system-out/>
</testsuite> <!-- api.test.UserTests -->
