<?xml version="1.0" encoding="UTF-8"?>
<!-- Generated by org.testng.reporters.JUnitReportReporter -->
<testsuite hostname="Navnath" failures="0" tests="4" name="api.test.UserTests" time="6.640" errors="0" timestamp="2023-11-25T17:56:57 IST" skipped="0">
  <testcase classname="api.test.UserTests" name="testPostUser" time="1.428"/>
  <system-out/>
  <testcase classname="api.test.UserTests" name="testGetUser" time="1.334"/>
  <system-out/>
  <testcase classname="api.test.UserTests" name="testUpdateUser" time="2.622"/>
  <system-out/>
  <testcase classname="api.test.UserTests" name="testDeleteUser" time="1.256"/>
  <system-out/>
</testsuite> <!-- api.test.UserTests -->
