<?xml version="1.0" encoding="UTF-8"?>
<!-- Generated by org.testng.reporters.JUnitReportReporter -->
<testsuite hostname="Navnath" failures="0" tests="3" name="api.test.DDTests" time="13.047" errors="0" timestamp="2023-11-26T16:26:29 IST" skipped="0">
  <testcase classname="api.test.DDTests" name="testPostUser" time="2.501"/>
  <system-out/>
  <testcase classname="api.test.DDTests" name="testPostUser" time="3.317"/>
  <system-out/>
  <testcase classname="api.test.DDTests" name="testPostUser" time="7.229"/>
  <system-out/>
</testsuite> <!-- api.test.DDTests -->
